<?xml version="1.0" encoding="utf-8"?><testsuites name="pytest tests"><testsuite name="pytest" errors="0" failures="0" skipped="0" tests="15" time="0.644" timestamp="2026-07-22T13:33:47.870010+00:00" hostname="agent-env-410df0c8-b9d1-4d90-8320-d556d794b604"><testcase classname="backend.tests.test_admin_db_info.TestAdminDbInfo" name="test_db_info_status_200" time="0.008" /><testcase classname="backend.tests.test_admin_db_info.TestAdminDbInfo" name="test_db_info_schema" time="0.044" /><testcase classname="backend.tests.test_admin_db_info.TestAdminDbInfo" name="test_db_info_matches_env" time="0.044" /><testcase classname="backend.tests.test_admin_db_info.TestAdminDbInfo" name="test_db_info_counts_reality" time="0.044" /><testcase classname="backend.tests.test_admin_db_info.TestAdminDbInfo" name="test_db_info_mongo_server_present" time="0.044" /><testcase classname="backend.tests.test_admin_db_info.TestAdminExportsList" name="test_list_status_200" time="0.042" /><testcase classname="backend.tests.test_admin_db_info.TestAdminExportsList" name="test_list_has_zip" time="0.042" /><testcase classname="backend.tests.test_admin_db_info.TestAdminExportsDownload" name="test_download_latest_zip" time="0.045" /><testcase classname="backend.tests.test_admin_db_info.TestAdminExportsDownload" name="test_path_traversal_blocked" time="0.043" /><testcase classname="backend.tests.test_admin_db_info.TestAdminExportsDownload" name="test_path_traversal_blocked_literal_dotdot" time="0.042" /><testcase classname="backend.tests.test_admin_db_info.TestAdminExportsDownload" name="test_missing_file_404" time="0.042" /><testcase classname="backend.tests.test_admin_db_info.TestRegression" name="test_get_matches" time="0.043" /><testcase classname="backend.tests.test_admin_db_info.TestRegression" name="test_get_matches_days" time="0.043" /><testcase classname="backend.tests.test_admin_db_info.TestRegression" name="test_ml_stats" time="0.046" /><testcase classname="backend.tests.test_admin_db_info.TestRegression" name="test_upload_skipped" time="0.046" /></testsuite></testsuites>