<?xml version="1.0" encoding="utf-8"?><testsuites name="pytest tests"><testsuite name="pytest" errors="0" failures="0" skipped="0" tests="24" time="11.520" timestamp="2026-05-26T14:47:18.293480+00:00" hostname="agent-env-410df0c8-b9d1-4d90-8320-d556d794b604"><testcase classname="tests.test_scoreblast_api" name="test_health" time="0.616" /><testcase classname="tests.test_scoreblast_api.TestUploadExcel" name="test_upload_full" time="0.120" /><testcase classname="tests.test_scoreblast_api.TestUploadExcel" name="test_upload_reupload_skipped" time="0.058" /><testcase classname="tests.test_scoreblast_api.TestUploadExcel" name="test_day_rollover" time="0.041" /><testcase classname="tests.test_scoreblast_api.TestUploadExcel" name="test_missing_required_odds_skipped" time="0.056" /><testcase classname="tests.test_scoreblast_api.TestUploadExcel" name="test_estimated_odds" time="0.134" /><testcase classname="tests.test_scoreblast_api.TestMatches" name="test_list_all" time="0.056" /><testcase classname="tests.test_scoreblast_api.TestMatches" name="test_filter_by_day" time="0.079" /><testcase classname="tests.test_scoreblast_api.TestMatches" name="test_filter_by_q" time="0.087" /><testcase classname="tests.test_scoreblast_api.TestMatches" name="test_get_one" time="0.154" /><testcase classname="tests.test_scoreblast_api.TestMatches" name="test_get_one_not_found" time="0.049" /><testcase classname="tests.test_scoreblast_api.TestPrediction" name="test_predict" time="8.201" /><testcase classname="tests.test_scoreblast_api.TestPrediction" name="test_predict_cached" time="0.094" /><testcase classname="tests.test_scoreblast_api.TestPrediction" name="test_get_match_with_prediction" time="0.130" /><testcase classname="tests.test_scoreblast_api.TestResults" name="test_set_single_result" time="0.194" /><testcase classname="tests.test_scoreblast_api.TestResults" name="test_set_result_not_found" time="0.040" /><testcase classname="tests.test_scoreblast_api.TestResults" name="test_bulk_results" time="0.198" /><testcase classname="tests.test_scoreblast_api.TestSelection" name="test_select_and_list" time="0.162" /><testcase classname="tests.test_scoreblast_api.TestSelection" name="test_clear_selection" time="0.125" /><testcase classname="tests.test_scoreblast_api.TestExportImport" name="test_export" time="0.039" /><testcase classname="tests.test_scoreblast_api.TestExportImport" name="test_import_incremental" time="0.115" /><testcase classname="tests.test_scoreblast_api.TestExportImport" name="test_import_new_match" time="0.098" /><testcase classname="tests.test_scoreblast_api.TestAiStudio" name="test_prompt_csv" time="0.265" /><testcase classname="tests.test_scoreblast_api.TestDeleteAll" name="test_delete_all" time="0.354" /></testsuite></testsuites>