<?xml version="1.0" encoding="utf-8"?><testsuites name="pytest tests"><testsuite name="pytest" errors="0" failures="0" skipped="0" tests="34" time="10.961" timestamp="2026-06-08T17:35:47.390637+00:00" hostname="agent-env-410df0c8-b9d1-4d90-8320-d556d794b604"><testcase classname="backend.tests.test_scoreblast_api" name="test_health" time="0.210" /><testcase classname="backend.tests.test_scoreblast_api.TestUploadExcel" name="test_upload_full" time="0.096" /><testcase classname="backend.tests.test_scoreblast_api.TestUploadExcel" name="test_upload_reupload_skipped" time="0.080" /><testcase classname="backend.tests.test_scoreblast_api.TestUploadExcel" name="test_day_rollover" time="0.070" /><testcase classname="backend.tests.test_scoreblast_api.TestUploadExcel" name="test_missing_required_odds_skipped" time="0.083" /><testcase classname="backend.tests.test_scoreblast_api.TestUploadExcel" name="test_estimated_odds" time="0.156" /><testcase classname="backend.tests.test_scoreblast_api.TestMatches" name="test_list_all" time="0.028" /><testcase classname="backend.tests.test_scoreblast_api.TestMatches" name="test_filter_by_day" time="0.102" /><testcase classname="backend.tests.test_scoreblast_api.TestMatches" name="test_filter_by_q" time="0.069" /><testcase classname="backend.tests.test_scoreblast_api.TestMatches" name="test_get_one" time="0.110" /><testcase classname="backend.tests.test_scoreblast_api.TestMatches" name="test_get_one_not_found" time="0.071" /><testcase classname="backend.tests.test_scoreblast_api.TestPrediction" name="test_predict" time="5.369" /><testcase classname="backend.tests.test_scoreblast_api.TestPrediction" name="test_predict_cached" time="0.155" /><testcase classname="backend.tests.test_scoreblast_api.TestPrediction" name="test_get_match_with_prediction" time="0.103" /><testcase classname="backend.tests.test_scoreblast_api.TestResults" name="test_set_single_result" time="0.223" /><testcase classname="backend.tests.test_scoreblast_api.TestResults" name="test_set_result_not_found" time="0.074" /><testcase classname="backend.tests.test_scoreblast_api.TestResults" name="test_bulk_results" time="0.184" /><testcase classname="backend.tests.test_scoreblast_api.TestSelection" name="test_select_and_list" time="0.135" /><testcase classname="backend.tests.test_scoreblast_api.TestSelection" name="test_clear_selection" time="0.143" /><testcase classname="backend.tests.test_scoreblast_api.TestExportImport" name="test_export" time="0.033" /><testcase classname="backend.tests.test_scoreblast_api.TestExportImport" name="test_import_incremental" time="0.112" /><testcase classname="backend.tests.test_scoreblast_api.TestExportImport" name="test_import_new_match" time="0.144" /><testcase classname="backend.tests.test_scoreblast_api.TestAiStudio" name="test_prompt_csv" time="0.239" /><testcase classname="backend.tests.test_scoreblast_api.TestDeleteAll" name="test_delete_all" time="0.280" /><testcase classname="backend.tests.test_upload_skipped_diagnostic.TestUploadSkippedDiagnostic" name="test_skipped_endpoint_clean_state" time="0.236" /><testcase classname="backend.tests.test_upload_skipped_diagnostic.TestUploadSkippedDiagnostic" name="test_upload_response_shape" time="0.223" /><testcase classname="backend.tests.test_upload_skipped_diagnostic.TestUploadSkippedDiagnostic" name="test_doubles_chance_only_missing_is_valid" time="0.294" /><testcase classname="backend.tests.test_upload_skipped_diagnostic.TestUploadSkippedDiagnostic" name="test_missing_required_O25_is_skipped_with_reason" time="0.290" /><testcase classname="backend.tests.test_upload_skipped_diagnostic.TestUploadSkippedDiagnostic" name="test_missing_teams_skipped_with_reason" time="0.353" /><testcase classname="backend.tests.test_upload_skipped_diagnostic.TestUploadSkippedDiagnostic" name="test_required_odds_list_size_via_skipped" time="0.288" /><testcase classname="backend.tests.test_upload_skipped_diagnostic.TestRegressionEndpoints" name="test_matches_days_endpoint" time="0.207" /><testcase classname="backend.tests.test_upload_skipped_diagnostic.TestRegressionEndpoints" name="test_matches_filter_by_day" time="0.358" /><testcase classname="backend.tests.test_upload_skipped_diagnostic.TestRegressionEndpoints" name="test_matches_selected_list" time="0.212" /><testcase classname="backend.tests.test_upload_skipped_diagnostic.TestRegressionEndpoints" name="test_ml_stats" time="0.173" /></testsuite></testsuites>